The system is: Linux - 3.10.0-1062.9.1.el7.x86_64 - x86_64
Compiling the CXX compiler identification source file "CMakeCXXCompilerId.cpp" succeeded.
Compiler: /ccs/compilers/gcc/rhel7-x86_64/6.2.0/bin/c++ 
Build flags: 
Id flags:  

The output was:
0


Compilation of the CXX compiler identification source "CMakeCXXCompilerId.cpp" produced "a.out"

The CXX compiler identification is GNU, found in "/ccs/home/mannlg15/planc/build-rhea/CMakeFiles/3.15.2/CompilerIdCXX/a.out"

Determining if the CXX compiler works passed with the following output:
Change Dir: /ccs/home/mannlg15/planc/build-rhea/CMakeFiles/CMakeTmp

Run Build Command(s):/usr/bin/gmake cmTC_85a51/fast && /usr/bin/gmake -f CMakeFiles/cmTC_85a51.dir/build.make CMakeFiles/cmTC_85a51.dir/build
gmake[1]: Entering directory `/autofs/nccs-svm1_home1/mannlg15/planc/build-rhea/CMakeFiles/CMakeTmp'
Building CXX object CMakeFiles/cmTC_85a51.dir/testCXXCompiler.cxx.o
/ccs/compilers/gcc/rhel7-x86_64/6.2.0/bin/c++     -o CMakeFiles/cmTC_85a51.dir/testCXXCompiler.cxx.o -c /ccs/home/mannlg15/planc/build-rhea/CMakeFiles/CMakeTmp/testCXXCompiler.cxx
Linking CXX executable cmTC_85a51
/autofs/nccs-svm1_sw/rhea/.swci/0-core/opt/spack/20191017/linux-rhel7-x86_64/gcc-4.8.5/cmake-3.15.2-4xbxfsztfb7z2qemxy2dgrsuabbdgifu/bin/cmake -E cmake_link_script CMakeFiles/cmTC_85a51.dir/link.txt --verbose=1
/ccs/compilers/gcc/rhel7-x86_64/6.2.0/bin/c++       CMakeFiles/cmTC_85a51.dir/testCXXCompiler.cxx.o  -o cmTC_85a51 
gmake[1]: Leaving directory `/autofs/nccs-svm1_home1/mannlg15/planc/build-rhea/CMakeFiles/CMakeTmp'



Detecting CXX compiler ABI info compiled with the following output:
Change Dir: /ccs/home/mannlg15/planc/build-rhea/CMakeFiles/CMakeTmp

Run Build Command(s):/usr/bin/gmake cmTC_c7aae/fast && /usr/bin/gmake -f CMakeFiles/cmTC_c7aae.dir/build.make CMakeFiles/cmTC_c7aae.dir/build
gmake[1]: Entering directory `/autofs/nccs-svm1_home1/mannlg15/planc/build-rhea/CMakeFiles/CMakeTmp'
Building CXX object CMakeFiles/cmTC_c7aae.dir/CMakeCXXCompilerABI.cpp.o
/ccs/compilers/gcc/rhel7-x86_64/6.2.0/bin/c++    -v -o CMakeFiles/cmTC_c7aae.dir/CMakeCXXCompilerABI.cpp.o -c /autofs/nccs-svm1_sw/rhea/.swci/0-core/opt/spack/20191017/linux-rhel7-x86_64/gcc-4.8.5/cmake-3.15.2-4xbxfsztfb7z2qemxy2dgrsuabbdgifu/share/cmake-3.15/Modules/CMakeCXXCompilerABI.cpp
Using built-in specs.
COLLECT_GCC=/ccs/compilers/gcc/rhel7-x86_64/6.2.0/bin/c++
Target: x86_64-redhat-linux
Configured with: ../gcc-6.2.0/configure --build=x86_64-redhat-linux --prefix=/ccs/compilers/gcc/rhel7-x86_64/6.2.0 --libdir=/ccs/compilers/gcc/rhel7-x86_64/6.2.0/lib64 --with-gmp-include=/ccs/compilers/gcc/rhel7-x86_64/6.2.0/include --with-gmp-lib=/ccs/compilers/gcc/rhel7-x86_64/6.2.0/lib64 --with-mpfr-include=/ccs/compilers/gcc/rhel7-x86_64/6.2.0/include --with-mpfr-lib=/ccs/compilers/gcc/rhel7-x86_64/6.2.0/lib64 --with-mpc-include=/ccs/compilers/gcc/rhel7-x86_64/6.2.0/include --with-mpc-lib=/ccs/compilers/gcc/rhel7-x86_64/6.2.0/lib64 --with-isl-include=/ccs/compilers/gcc/rhel7-x86_64/6.2.0/include --with-isl-lib=/ccs/compilers/gcc/rhel7-x86_64/6.2.0/lib64
Thread model: posix
gcc version 6.2.0 (GCC) 
COLLECT_GCC_OPTIONS='-v' '-o' 'CMakeFiles/cmTC_c7aae.dir/CMakeCXXCompilerABI.cpp.o' '-c' '-shared-libgcc' '-mtune=generic' '-march=x86-64'
 /autofs/nccs-svm1_compilers/gcc/rhel7-x86_64/6.2.0/bin/../libexec/gcc/x86_64-redhat-linux/6.2.0/cc1plus -quiet -v -iprefix /autofs/nccs-svm1_compilers/gcc/rhel7-x86_64/6.2.0/bin/../lib64/gcc/x86_64-redhat-linux/6.2.0/ -D_GNU_SOURCE /autofs/nccs-svm1_sw/rhea/.swci/0-core/opt/spack/20191017/linux-rhel7-x86_64/gcc-4.8.5/cmake-3.15.2-4xbxfsztfb7z2qemxy2dgrsuabbdgifu/share/cmake-3.15/Modules/CMakeCXXCompilerABI.cpp -quiet -dumpbase CMakeCXXCompilerABI.cpp -mtune=generic -march=x86-64 -auxbase-strip CMakeFiles/cmTC_c7aae.dir/CMakeCXXCompilerABI.cpp.o -version -o /tmp/ccf93pDZ.s
GNU C++14 (GCC) version 6.2.0 (x86_64-redhat-linux)
	compiled by GNU C version 6.2.0, GMP version 4.3.2, MPFR version 2.4.2, MPC version 0.8.1, isl version 0.15
GGC heuristics: --param ggc-min-expand=100 --param ggc-min-heapsize=131072
ignoring nonexistent directory "/autofs/nccs-svm1_compilers/gcc/rhel7-x86_64/6.2.0/bin/../lib64/gcc/x86_64-redhat-linux/6.2.0/../../../../x86_64-redhat-linux/include"
ignoring duplicate directory "/autofs/nccs-svm1_compilers/gcc/rhel7-x86_64/6.2.0/bin/../lib64/gcc/../../lib64/gcc/x86_64-redhat-linux/6.2.0/../../../../include/c++/6.2.0"
ignoring duplicate directory "/autofs/nccs-svm1_compilers/gcc/rhel7-x86_64/6.2.0/bin/../lib64/gcc/../../lib64/gcc/x86_64-redhat-linux/6.2.0/../../../../include/c++/6.2.0/x86_64-redhat-linux"
ignoring duplicate directory "/autofs/nccs-svm1_compilers/gcc/rhel7-x86_64/6.2.0/bin/../lib64/gcc/../../lib64/gcc/x86_64-redhat-linux/6.2.0/../../../../include/c++/6.2.0/backward"
ignoring duplicate directory "/autofs/nccs-svm1_compilers/gcc/rhel7-x86_64/6.2.0/bin/../lib64/gcc/../../lib64/gcc/x86_64-redhat-linux/6.2.0/include"
ignoring duplicate directory "/autofs/nccs-svm1_compilers/gcc/rhel7-x86_64/6.2.0/bin/../lib64/gcc/../../lib64/gcc/x86_64-redhat-linux/6.2.0/include-fixed"
ignoring nonexistent directory "/autofs/nccs-svm1_compilers/gcc/rhel7-x86_64/6.2.0/bin/../lib64/gcc/../../lib64/gcc/x86_64-redhat-linux/6.2.0/../../../../x86_64-redhat-linux/include"
#include "..." search starts here:
#include <...> search starts here:
 /autofs/nccs-svm1_sw/rhea/.swci/0-core/opt/spack/20191017/linux-rhel7-x86_64/gcc-6.2.0/libxml2-2.9.8-fyen5ijag3qpoty2ozdltkvddwzy277w/include/libxml2
 /autofs/nccs-svm1_sw/rhea/.swci/0-core/opt/spack/20191017/linux-rhel7-x86_64/gcc-6.2.0/openmpi-3.1.4-6i3xptfa3r6joouympddcnja5njc3eda/include
 /autofs/nccs-svm1_compilers/gcc/rhel7-x86_64/6.2.0/bin/../lib64/gcc/x86_64-redhat-linux/6.2.0/../../../../include/c++/6.2.0
 /autofs/nccs-svm1_compilers/gcc/rhel7-x86_64/6.2.0/bin/../lib64/gcc/x86_64-redhat-linux/6.2.0/../../../../include/c++/6.2.0/x86_64-redhat-linux
 /autofs/nccs-svm1_compilers/gcc/rhel7-x86_64/6.2.0/bin/../lib64/gcc/x86_64-redhat-linux/6.2.0/../../../../include/c++/6.2.0/backward
 /autofs/nccs-svm1_compilers/gcc/rhel7-x86_64/6.2.0/bin/../lib64/gcc/x86_64-redhat-linux/6.2.0/include
 /autofs/nccs-svm1_compilers/gcc/rhel7-x86_64/6.2.0/bin/../lib64/gcc/x86_64-redhat-linux/6.2.0/include-fixed
 /usr/local/include
 /autofs/nccs-svm1_compilers/gcc/rhel7-x86_64/6.2.0/bin/../lib64/gcc/../../include
 /usr/include
End of search list.
GNU C++14 (GCC) version 6.2.0 (x86_64-redhat-linux)
	compiled by GNU C version 6.2.0, GMP version 4.3.2, MPFR version 2.4.2, MPC version 0.8.1, isl version 0.15
GGC heuristics: --param ggc-min-expand=100 --param ggc-min-heapsize=131072
Compiler executable checksum: d4a3a5cb79ce357245f354e4f3024dab
COLLECT_GCC_OPTIONS='-v' '-o' 'CMakeFiles/cmTC_c7aae.dir/CMakeCXXCompilerABI.cpp.o' '-c' '-shared-libgcc' '-mtune=generic' '-march=x86-64'
 as -v --64 -o CMakeFiles/cmTC_c7aae.dir/CMakeCXXCompilerABI.cpp.o /tmp/ccf93pDZ.s
GNU assembler version 2.27 (x86_64-redhat-linux) using BFD version version 2.27-41.base.el7_7.1
COMPILER_PATH=/autofs/nccs-svm1_compilers/gcc/rhel7-x86_64/6.2.0/bin/../libexec/gcc/x86_64-redhat-linux/6.2.0/:/autofs/nccs-svm1_compilers/gcc/rhel7-x86_64/6.2.0/bin/../libexec/gcc/
LIBRARY_PATH=/autofs/nccs-svm1_compilers/gcc/rhel7-x86_64/6.2.0/bin/../lib64/gcc/x86_64-redhat-linux/6.2.0/:/autofs/nccs-svm1_compilers/gcc/rhel7-x86_64/6.2.0/bin/../lib64/gcc/:/autofs/nccs-svm1_compilers/gcc/rhel7-x86_64/6.2.0/bin/../lib64/gcc/x86_64-redhat-linux/6.2.0/../../../../lib64/:/lib/../lib64/:/usr/lib/../lib64/:/autofs/nccs-svm1_sw/rhea/.swci/0-core/opt/spack/20191017/linux-rhel7-x86_64/gcc-6.2.0/openmpi-3.1.4-6i3xptfa3r6joouympddcnja5njc3eda/lib/:/autofs/nccs-svm1_compilers/gcc/rhel7-x86_64/6.2.0/bin/../lib64/gcc/x86_64-redhat-linux/6.2.0/../../../:/lib/:/usr/lib/
COLLECT_GCC_OPTIONS='-v' '-o' 'CMakeFiles/cmTC_c7aae.dir/CMakeCXXCompilerABI.cpp.o' '-c' '-shared-libgcc' '-mtune=generic' '-march=x86-64'
Linking CXX executable cmTC_c7aae
/autofs/nccs-svm1_sw/rhea/.swci/0-core/opt/spack/20191017/linux-rhel7-x86_64/gcc-4.8.5/cmake-3.15.2-4xbxfsztfb7z2qemxy2dgrsuabbdgifu/bin/cmake -E cmake_link_script CMakeFiles/cmTC_c7aae.dir/link.txt --verbose=1
/ccs/compilers/gcc/rhel7-x86_64/6.2.0/bin/c++      -v CMakeFiles/cmTC_c7aae.dir/CMakeCXXCompilerABI.cpp.o  -o cmTC_c7aae 
Using built-in specs.
COLLECT_GCC=/ccs/compilers/gcc/rhel7-x86_64/6.2.0/bin/c++
COLLECT_LTO_WRAPPER=/autofs/nccs-svm1_compilers/gcc/rhel7-x86_64/6.2.0/bin/../libexec/gcc/x86_64-redhat-linux/6.2.0/lto-wrapper
Target: x86_64-redhat-linux
Configured with: ../gcc-6.2.0/configure --build=x86_64-redhat-linux --prefix=/ccs/compilers/gcc/rhel7-x86_64/6.2.0 --libdir=/ccs/compilers/gcc/rhel7-x86_64/6.2.0/lib64 --with-gmp-include=/ccs/compilers/gcc/rhel7-x86_64/6.2.0/include --with-gmp-lib=/ccs/compilers/gcc/rhel7-x86_64/6.2.0/lib64 --with-mpfr-include=/ccs/compilers/gcc/rhel7-x86_64/6.2.0/include --with-mpfr-lib=/ccs/compilers/gcc/rhel7-x86_64/6.2.0/lib64 --with-mpc-include=/ccs/compilers/gcc/rhel7-x86_64/6.2.0/include --with-mpc-lib=/ccs/compilers/gcc/rhel7-x86_64/6.2.0/lib64 --with-isl-include=/ccs/compilers/gcc/rhel7-x86_64/6.2.0/include --with-isl-lib=/ccs/compilers/gcc/rhel7-x86_64/6.2.0/lib64
Thread model: posix
gcc version 6.2.0 (GCC) 
COMPILER_PATH=/autofs/nccs-svm1_compilers/gcc/rhel7-x86_64/6.2.0/bin/../libexec/gcc/x86_64-redhat-linux/6.2.0/:/autofs/nccs-svm1_compilers/gcc/rhel7-x86_64/6.2.0/bin/../libexec/gcc/
LIBRARY_PATH=/autofs/nccs-svm1_compilers/gcc/rhel7-x86_64/6.2.0/bin/../lib64/gcc/x86_64-redhat-linux/6.2.0/:/autofs/nccs-svm1_compilers/gcc/rhel7-x86_64/6.2.0/bin/../lib64/gcc/:/autofs/nccs-svm1_compilers/gcc/rhel7-x86_64/6.2.0/bin/../lib64/gcc/x86_64-redhat-linux/6.2.0/../../../../lib64/:/lib/../lib64/:/usr/lib/../lib64/:/autofs/nccs-svm1_sw/rhea/.swci/0-core/opt/spack/20191017/linux-rhel7-x86_64/gcc-6.2.0/openmpi-3.1.4-6i3xptfa3r6joouympddcnja5njc3eda/lib/:/autofs/nccs-svm1_compilers/gcc/rhel7-x86_64/6.2.0/bin/../lib64/gcc/x86_64-redhat-linux/6.2.0/../../../:/lib/:/usr/lib/
COLLECT_GCC_OPTIONS='-v' '-o' 'cmTC_c7aae' '-shared-libgcc' '-mtune=generic' '-march=x86-64'
 /autofs/nccs-svm1_compilers/gcc/rhel7-x86_64/6.2.0/bin/../libexec/gcc/x86_64-redhat-linux/6.2.0/collect2 -plugin /autofs/nccs-svm1_compilers/gcc/rhel7-x86_64/6.2.0/bin/../libexec/gcc/x86_64-redhat-linux/6.2.0/liblto_plugin.so -plugin-opt=/autofs/nccs-svm1_compilers/gcc/rhel7-x86_64/6.2.0/bin/../libexec/gcc/x86_64-redhat-linux/6.2.0/lto-wrapper -plugin-opt=-fresolution=/tmp/ccpMbbf4.res -plugin-opt=-pass-through=-lgcc_s -plugin-opt=-pass-through=-lgcc -plugin-opt=-pass-through=-lc -plugin-opt=-pass-through=-lgcc_s -plugin-opt=-pass-through=-lgcc --eh-frame-hdr -m elf_x86_64 -dynamic-linker /lib64/ld-linux-x86-64.so.2 -o cmTC_c7aae /lib/../lib64/crt1.o /lib/../lib64/crti.o /autofs/nccs-svm1_compilers/gcc/rhel7-x86_64/6.2.0/bin/../lib64/gcc/x86_64-redhat-linux/6.2.0/crtbegin.o -L/autofs/nccs-svm1_compilers/gcc/rhel7-x86_64/6.2.0/bin/../lib64/gcc/x86_64-redhat-linux/6.2.0 -L/autofs/nccs-svm1_compilers/gcc/rhel7-x86_64/6.2.0/bin/../lib64/gcc -L/autofs/nccs-svm1_compilers/gcc/rhel7-x86_64/6.2.0/bin/../lib64/gcc/x86_64-redhat-linux/6.2.0/../../../../lib64 -L/lib/../lib64 -L/usr/lib/../lib64 -L/autofs/nccs-svm1_sw/rhea/.swci/0-core/opt/spack/20191017/linux-rhel7-x86_64/gcc-6.2.0/openmpi-3.1.4-6i3xptfa3r6joouympddcnja5njc3eda/lib -L/autofs/nccs-svm1_compilers/gcc/rhel7-x86_64/6.2.0/bin/../lib64/gcc/x86_64-redhat-linux/6.2.0/../../.. CMakeFiles/cmTC_c7aae.dir/CMakeCXXCompilerABI.cpp.o -lstdc++ -lm -lgcc_s -lgcc -lc -lgcc_s -lgcc /autofs/nccs-svm1_compilers/gcc/rhel7-x86_64/6.2.0/bin/../lib64/gcc/x86_64-redhat-linux/6.2.0/crtend.o /lib/../lib64/crtn.o
COLLECT_GCC_OPTIONS='-v' '-o' 'cmTC_c7aae' '-shared-libgcc' '-mtune=generic' '-march=x86-64'
gmake[1]: Leaving directory `/autofs/nccs-svm1_home1/mannlg15/planc/build-rhea/CMakeFiles/CMakeTmp'



Parsed CXX implicit include dir info from above output: rv=done
  found start of include info
  found start of implicit include info
    add: [/autofs/nccs-svm1_sw/rhea/.swci/0-core/opt/spack/20191017/linux-rhel7-x86_64/gcc-6.2.0/libxml2-2.9.8-fyen5ijag3qpoty2ozdltkvddwzy277w/include/libxml2]
    add: [/autofs/nccs-svm1_sw/rhea/.swci/0-core/opt/spack/20191017/linux-rhel7-x86_64/gcc-6.2.0/openmpi-3.1.4-6i3xptfa3r6joouympddcnja5njc3eda/include]
    add: [/autofs/nccs-svm1_compilers/gcc/rhel7-x86_64/6.2.0/bin/../lib64/gcc/x86_64-redhat-linux/6.2.0/../../../../include/c++/6.2.0]
    add: [/autofs/nccs-svm1_compilers/gcc/rhel7-x86_64/6.2.0/bin/../lib64/gcc/x86_64-redhat-linux/6.2.0/../../../../include/c++/6.2.0/x86_64-redhat-linux]
    add: [/autofs/nccs-svm1_compilers/gcc/rhel7-x86_64/6.2.0/bin/../lib64/gcc/x86_64-redhat-linux/6.2.0/../../../../include/c++/6.2.0/backward]
    add: [/autofs/nccs-svm1_compilers/gcc/rhel7-x86_64/6.2.0/bin/../lib64/gcc/x86_64-redhat-linux/6.2.0/include]
    add: [/autofs/nccs-svm1_compilers/gcc/rhel7-x86_64/6.2.0/bin/../lib64/gcc/x86_64-redhat-linux/6.2.0/include-fixed]
    add: [/usr/local/include]
    add: [/autofs/nccs-svm1_compilers/gcc/rhel7-x86_64/6.2.0/bin/../lib64/gcc/../../include]
    add: [/usr/include]
  end of search list found
  collapse include dir [/autofs/nccs-svm1_sw/rhea/.swci/0-core/opt/spack/20191017/linux-rhel7-x86_64/gcc-6.2.0/libxml2-2.9.8-fyen5ijag3qpoty2ozdltkvddwzy277w/include/libxml2] ==> [/autofs/nccs-svm1_sw/rhea/.swci/0-core/opt/spack/20191017/linux-rhel7-x86_64/gcc-6.2.0/libxml2-2.9.8-fyen5ijag3qpoty2ozdltkvddwzy277w/include/libxml2]
  collapse include dir [/autofs/nccs-svm1_sw/rhea/.swci/0-core/opt/spack/20191017/linux-rhel7-x86_64/gcc-6.2.0/openmpi-3.1.4-6i3xptfa3r6joouympddcnja5njc3eda/include] ==> [/autofs/nccs-svm1_sw/rhea/.swci/0-core/opt/spack/20191017/linux-rhel7-x86_64/gcc-6.2.0/openmpi-3.1.4-6i3xptfa3r6joouympddcnja5njc3eda/include]
  collapse include dir [/autofs/nccs-svm1_compilers/gcc/rhel7-x86_64/6.2.0/bin/../lib64/gcc/x86_64-redhat-linux/6.2.0/../../../../include/c++/6.2.0] ==> [/autofs/nccs-svm1_compilers/gcc/rhel7-x86_64/6.2.0/include/c++/6.2.0]
  collapse include dir [/autofs/nccs-svm1_compilers/gcc/rhel7-x86_64/6.2.0/bin/../lib64/gcc/x86_64-redhat-linux/6.2.0/../../../../include/c++/6.2.0/x86_64-redhat-linux] ==> [/autofs/nccs-svm1_compilers/gcc/rhel7-x86_64/6.2.0/include/c++/6.2.0/x86_64-redhat-linux]
  collapse include dir [/autofs/nccs-svm1_compilers/gcc/rhel7-x86_64/6.2.0/bin/../lib64/gcc/x86_64-redhat-linux/6.2.0/../../../../include/c++/6.2.0/backward] ==> [/autofs/nccs-svm1_compilers/gcc/rhel7-x86_64/6.2.0/include/c++/6.2.0/backward]
  collapse include dir [/autofs/nccs-svm1_compilers/gcc/rhel7-x86_64/6.2.0/bin/../lib64/gcc/x86_64-redhat-linux/6.2.0/include] ==> [/autofs/nccs-svm1_compilers/gcc/rhel7-x86_64/6.2.0/lib64/gcc/x86_64-redhat-linux/6.2.0/include]
  collapse include dir [/autofs/nccs-svm1_compilers/gcc/rhel7-x86_64/6.2.0/bin/../lib64/gcc/x86_64-redhat-linux/6.2.0/include-fixed] ==> [/autofs/nccs-svm1_compilers/gcc/rhel7-x86_64/6.2.0/lib64/gcc/x86_64-redhat-linux/6.2.0/include-fixed]
  collapse include dir [/usr/local/include] ==> [/usr/local/include]
  collapse include dir [/autofs/nccs-svm1_compilers/gcc/rhel7-x86_64/6.2.0/bin/../lib64/gcc/../../include] ==> [/autofs/nccs-svm1_compilers/gcc/rhel7-x86_64/6.2.0/include]
  collapse include dir [/usr/include] ==> [/usr/include]
  implicit include dirs: [/autofs/nccs-svm1_sw/rhea/.swci/0-core/opt/spack/20191017/linux-rhel7-x86_64/gcc-6.2.0/libxml2-2.9.8-fyen5ijag3qpoty2ozdltkvddwzy277w/include/libxml2;/autofs/nccs-svm1_sw/rhea/.swci/0-core/opt/spack/20191017/linux-rhel7-x86_64/gcc-6.2.0/openmpi-3.1.4-6i3xptfa3r6joouympddcnja5njc3eda/include;/autofs/nccs-svm1_compilers/gcc/rhel7-x86_64/6.2.0/include/c++/6.2.0;/autofs/nccs-svm1_compilers/gcc/rhel7-x86_64/6.2.0/include/c++/6.2.0/x86_64-redhat-linux;/autofs/nccs-svm1_compilers/gcc/rhel7-x86_64/6.2.0/include/c++/6.2.0/backward;/autofs/nccs-svm1_compilers/gcc/rhel7-x86_64/6.2.0/lib64/gcc/x86_64-redhat-linux/6.2.0/include;/autofs/nccs-svm1_compilers/gcc/rhel7-x86_64/6.2.0/lib64/gcc/x86_64-redhat-linux/6.2.0/include-fixed;/usr/local/include;/autofs/nccs-svm1_compilers/gcc/rhel7-x86_64/6.2.0/include;/usr/include]


Parsed CXX implicit link information from above output:
  link line regex: [^( *|.*[/\])(ld|CMAKE_LINK_STARTFILE-NOTFOUND|([^/\]+-)?ld|collect2)[^/\]*( |$)]
  ignore line: [Change Dir: /ccs/home/mannlg15/planc/build-rhea/CMakeFiles/CMakeTmp]
  ignore line: []
  ignore line: [Run Build Command(s):/usr/bin/gmake cmTC_c7aae/fast && /usr/bin/gmake -f CMakeFiles/cmTC_c7aae.dir/build.make CMakeFiles/cmTC_c7aae.dir/build]
  ignore line: [gmake[1]: Entering directory `/autofs/nccs-svm1_home1/mannlg15/planc/build-rhea/CMakeFiles/CMakeTmp']
  ignore line: [Building CXX object CMakeFiles/cmTC_c7aae.dir/CMakeCXXCompilerABI.cpp.o]
  ignore line: [/ccs/compilers/gcc/rhel7-x86_64/6.2.0/bin/c++    -v -o CMakeFiles/cmTC_c7aae.dir/CMakeCXXCompilerABI.cpp.o -c /autofs/nccs-svm1_sw/rhea/.swci/0-core/opt/spack/20191017/linux-rhel7-x86_64/gcc-4.8.5/cmake-3.15.2-4xbxfsztfb7z2qemxy2dgrsuabbdgifu/share/cmake-3.15/Modules/CMakeCXXCompilerABI.cpp]
  ignore line: [Using built-in specs.]
  ignore line: [COLLECT_GCC=/ccs/compilers/gcc/rhel7-x86_64/6.2.0/bin/c++]
  ignore line: [Target: x86_64-redhat-linux]
  ignore line: [Configured with: ../gcc-6.2.0/configure --build=x86_64-redhat-linux --prefix=/ccs/compilers/gcc/rhel7-x86_64/6.2.0 --libdir=/ccs/compilers/gcc/rhel7-x86_64/6.2.0/lib64 --with-gmp-include=/ccs/compilers/gcc/rhel7-x86_64/6.2.0/include --with-gmp-lib=/ccs/compilers/gcc/rhel7-x86_64/6.2.0/lib64 --with-mpfr-include=/ccs/compilers/gcc/rhel7-x86_64/6.2.0/include --with-mpfr-lib=/ccs/compilers/gcc/rhel7-x86_64/6.2.0/lib64 --with-mpc-include=/ccs/compilers/gcc/rhel7-x86_64/6.2.0/include --with-mpc-lib=/ccs/compilers/gcc/rhel7-x86_64/6.2.0/lib64 --with-isl-include=/ccs/compilers/gcc/rhel7-x86_64/6.2.0/include --with-isl-lib=/ccs/compilers/gcc/rhel7-x86_64/6.2.0/lib64]
  ignore line: [Thread model: posix]
  ignore line: [gcc version 6.2.0 (GCC) ]
  ignore line: [COLLECT_GCC_OPTIONS='-v' '-o' 'CMakeFiles/cmTC_c7aae.dir/CMakeCXXCompilerABI.cpp.o' '-c' '-shared-libgcc' '-mtune=generic' '-march=x86-64']
  ignore line: [ /autofs/nccs-svm1_compilers/gcc/rhel7-x86_64/6.2.0/bin/../libexec/gcc/x86_64-redhat-linux/6.2.0/cc1plus -quiet -v -iprefix /autofs/nccs-svm1_compilers/gcc/rhel7-x86_64/6.2.0/bin/../lib64/gcc/x86_64-redhat-linux/6.2.0/ -D_GNU_SOURCE /autofs/nccs-svm1_sw/rhea/.swci/0-core/opt/spack/20191017/linux-rhel7-x86_64/gcc-4.8.5/cmake-3.15.2-4xbxfsztfb7z2qemxy2dgrsuabbdgifu/share/cmake-3.15/Modules/CMakeCXXCompilerABI.cpp -quiet -dumpbase CMakeCXXCompilerABI.cpp -mtune=generic -march=x86-64 -auxbase-strip CMakeFiles/cmTC_c7aae.dir/CMakeCXXCompilerABI.cpp.o -version -o /tmp/ccf93pDZ.s]
  ignore line: [GNU C++14 (GCC) version 6.2.0 (x86_64-redhat-linux)]
  ignore line: [	compiled by GNU C version 6.2.0, GMP version 4.3.2, MPFR version 2.4.2, MPC version 0.8.1, isl version 0.15]
  ignore line: [GGC heuristics: --param ggc-min-expand=100 --param ggc-min-heapsize=131072]
  ignore line: [ignoring nonexistent directory "/autofs/nccs-svm1_compilers/gcc/rhel7-x86_64/6.2.0/bin/../lib64/gcc/x86_64-redhat-linux/6.2.0/../../../../x86_64-redhat-linux/include"]
  ignore line: [ignoring duplicate directory "/autofs/nccs-svm1_compilers/gcc/rhel7-x86_64/6.2.0/bin/../lib64/gcc/../../lib64/gcc/x86_64-redhat-linux/6.2.0/../../../../include/c++/6.2.0"]
  ignore line: [ignoring duplicate directory "/autofs/nccs-svm1_compilers/gcc/rhel7-x86_64/6.2.0/bin/../lib64/gcc/../../lib64/gcc/x86_64-redhat-linux/6.2.0/../../../../include/c++/6.2.0/x86_64-redhat-linux"]
  ignore line: [ignoring duplicate directory "/autofs/nccs-svm1_compilers/gcc/rhel7-x86_64/6.2.0/bin/../lib64/gcc/../../lib64/gcc/x86_64-redhat-linux/6.2.0/../../../../include/c++/6.2.0/backward"]
  ignore line: [ignoring duplicate directory "/autofs/nccs-svm1_compilers/gcc/rhel7-x86_64/6.2.0/bin/../lib64/gcc/../../lib64/gcc/x86_64-redhat-linux/6.2.0/include"]
  ignore line: [ignoring duplicate directory "/autofs/nccs-svm1_compilers/gcc/rhel7-x86_64/6.2.0/bin/../lib64/gcc/../../lib64/gcc/x86_64-redhat-linux/6.2.0/include-fixed"]
  ignore line: [ignoring nonexistent directory "/autofs/nccs-svm1_compilers/gcc/rhel7-x86_64/6.2.0/bin/../lib64/gcc/../../lib64/gcc/x86_64-redhat-linux/6.2.0/../../../../x86_64-redhat-linux/include"]
  ignore line: [#include "..." search starts here:]
  ignore line: [#include <...> search starts here:]
  ignore line: [ /autofs/nccs-svm1_sw/rhea/.swci/0-core/opt/spack/20191017/linux-rhel7-x86_64/gcc-6.2.0/libxml2-2.9.8-fyen5ijag3qpoty2ozdltkvddwzy277w/include/libxml2]
  ignore line: [ /autofs/nccs-svm1_sw/rhea/.swci/0-core/opt/spack/20191017/linux-rhel7-x86_64/gcc-6.2.0/openmpi-3.1.4-6i3xptfa3r6joouympddcnja5njc3eda/include]
  ignore line: [ /autofs/nccs-svm1_compilers/gcc/rhel7-x86_64/6.2.0/bin/../lib64/gcc/x86_64-redhat-linux/6.2.0/../../../../include/c++/6.2.0]
  ignore line: [ /autofs/nccs-svm1_compilers/gcc/rhel7-x86_64/6.2.0/bin/../lib64/gcc/x86_64-redhat-linux/6.2.0/../../../../include/c++/6.2.0/x86_64-redhat-linux]
  ignore line: [ /autofs/nccs-svm1_compilers/gcc/rhel7-x86_64/6.2.0/bin/../lib64/gcc/x86_64-redhat-linux/6.2.0/../../../../include/c++/6.2.0/backward]
  ignore line: [ /autofs/nccs-svm1_compilers/gcc/rhel7-x86_64/6.2.0/bin/../lib64/gcc/x86_64-redhat-linux/6.2.0/include]
  ignore line: [ /autofs/nccs-svm1_compilers/gcc/rhel7-x86_64/6.2.0/bin/../lib64/gcc/x86_64-redhat-linux/6.2.0/include-fixed]
  ignore line: [ /usr/local/include]
  ignore line: [ /autofs/nccs-svm1_compilers/gcc/rhel7-x86_64/6.2.0/bin/../lib64/gcc/../../include]
  ignore line: [ /usr/include]
  ignore line: [End of search list.]
  ignore line: [GNU C++14 (GCC) version 6.2.0 (x86_64-redhat-linux)]
  ignore line: [	compiled by GNU C version 6.2.0, GMP version 4.3.2, MPFR version 2.4.2, MPC version 0.8.1, isl version 0.15]
  ignore line: [GGC heuristics: --param ggc-min-expand=100 --param ggc-min-heapsize=131072]
  ignore line: [Compiler executable checksum: d4a3a5cb79ce357245f354e4f3024dab]
  ignore line: [COLLECT_GCC_OPTIONS='-v' '-o' 'CMakeFiles/cmTC_c7aae.dir/CMakeCXXCompilerABI.cpp.o' '-c' '-shared-libgcc' '-mtune=generic' '-march=x86-64']
  ignore line: [ as -v --64 -o CMakeFiles/cmTC_c7aae.dir/CMakeCXXCompilerABI.cpp.o /tmp/ccf93pDZ.s]
  ignore line: [GNU assembler version 2.27 (x86_64-redhat-linux) using BFD version version 2.27-41.base.el7_7.1]
  ignore line: [COMPILER_PATH=/autofs/nccs-svm1_compilers/gcc/rhel7-x86_64/6.2.0/bin/../libexec/gcc/x86_64-redhat-linux/6.2.0/:/autofs/nccs-svm1_compilers/gcc/rhel7-x86_64/6.2.0/bin/../libexec/gcc/]
  ignore line: [LIBRARY_PATH=/autofs/nccs-svm1_compilers/gcc/rhel7-x86_64/6.2.0/bin/../lib64/gcc/x86_64-redhat-linux/6.2.0/:/autofs/nccs-svm1_compilers/gcc/rhel7-x86_64/6.2.0/bin/../lib64/gcc/:/autofs/nccs-svm1_compilers/gcc/rhel7-x86_64/6.2.0/bin/../lib64/gcc/x86_64-redhat-linux/6.2.0/../../../../lib64/:/lib/../lib64/:/usr/lib/../lib64/:/autofs/nccs-svm1_sw/rhea/.swci/0-core/opt/spack/20191017/linux-rhel7-x86_64/gcc-6.2.0/openmpi-3.1.4-6i3xptfa3r6joouympddcnja5njc3eda/lib/:/autofs/nccs-svm1_compilers/gcc/rhel7-x86_64/6.2.0/bin/../lib64/gcc/x86_64-redhat-linux/6.2.0/../../../:/lib/:/usr/lib/]
  ignore line: [COLLECT_GCC_OPTIONS='-v' '-o' 'CMakeFiles/cmTC_c7aae.dir/CMakeCXXCompilerABI.cpp.o' '-c' '-shared-libgcc' '-mtune=generic' '-march=x86-64']
  ignore line: [Linking CXX executable cmTC_c7aae]
  ignore line: [/autofs/nccs-svm1_sw/rhea/.swci/0-core/opt/spack/20191017/linux-rhel7-x86_64/gcc-4.8.5/cmake-3.15.2-4xbxfsztfb7z2qemxy2dgrsuabbdgifu/bin/cmake -E cmake_link_script CMakeFiles/cmTC_c7aae.dir/link.txt --verbose=1]
  ignore line: [/ccs/compilers/gcc/rhel7-x86_64/6.2.0/bin/c++      -v CMakeFiles/cmTC_c7aae.dir/CMakeCXXCompilerABI.cpp.o  -o cmTC_c7aae ]
  ignore line: [Using built-in specs.]
  ignore line: [COLLECT_GCC=/ccs/compilers/gcc/rhel7-x86_64/6.2.0/bin/c++]
  ignore line: [COLLECT_LTO_WRAPPER=/autofs/nccs-svm1_compilers/gcc/rhel7-x86_64/6.2.0/bin/../libexec/gcc/x86_64-redhat-linux/6.2.0/lto-wrapper]
  ignore line: [Target: x86_64-redhat-linux]
  ignore line: [Configured with: ../gcc-6.2.0/configure --build=x86_64-redhat-linux --prefix=/ccs/compilers/gcc/rhel7-x86_64/6.2.0 --libdir=/ccs/compilers/gcc/rhel7-x86_64/6.2.0/lib64 --with-gmp-include=/ccs/compilers/gcc/rhel7-x86_64/6.2.0/include --with-gmp-lib=/ccs/compilers/gcc/rhel7-x86_64/6.2.0/lib64 --with-mpfr-include=/ccs/compilers/gcc/rhel7-x86_64/6.2.0/include --with-mpfr-lib=/ccs/compilers/gcc/rhel7-x86_64/6.2.0/lib64 --with-mpc-include=/ccs/compilers/gcc/rhel7-x86_64/6.2.0/include --with-mpc-lib=/ccs/compilers/gcc/rhel7-x86_64/6.2.0/lib64 --with-isl-include=/ccs/compilers/gcc/rhel7-x86_64/6.2.0/include --with-isl-lib=/ccs/compilers/gcc/rhel7-x86_64/6.2.0/lib64]
  ignore line: [Thread model: posix]
  ignore line: [gcc version 6.2.0 (GCC) ]
  ignore line: [COMPILER_PATH=/autofs/nccs-svm1_compilers/gcc/rhel7-x86_64/6.2.0/bin/../libexec/gcc/x86_64-redhat-linux/6.2.0/:/autofs/nccs-svm1_compilers/gcc/rhel7-x86_64/6.2.0/bin/../libexec/gcc/]
  ignore line: [LIBRARY_PATH=/autofs/nccs-svm1_compilers/gcc/rhel7-x86_64/6.2.0/bin/../lib64/gcc/x86_64-redhat-linux/6.2.0/:/autofs/nccs-svm1_compilers/gcc/rhel7-x86_64/6.2.0/bin/../lib64/gcc/:/autofs/nccs-svm1_compilers/gcc/rhel7-x86_64/6.2.0/bin/../lib64/gcc/x86_64-redhat-linux/6.2.0/../../../../lib64/:/lib/../lib64/:/usr/lib/../lib64/:/autofs/nccs-svm1_sw/rhea/.swci/0-core/opt/spack/20191017/linux-rhel7-x86_64/gcc-6.2.0/openmpi-3.1.4-6i3xptfa3r6joouympddcnja5njc3eda/lib/:/autofs/nccs-svm1_compilers/gcc/rhel7-x86_64/6.2.0/bin/../lib64/gcc/x86_64-redhat-linux/6.2.0/../../../:/lib/:/usr/lib/]
  ignore line: [COLLECT_GCC_OPTIONS='-v' '-o' 'cmTC_c7aae' '-shared-libgcc' '-mtune=generic' '-march=x86-64']
  link line: [ /autofs/nccs-svm1_compilers/gcc/rhel7-x86_64/6.2.0/bin/../libexec/gcc/x86_64-redhat-linux/6.2.0/collect2 -plugin /autofs/nccs-svm1_compilers/gcc/rhel7-x86_64/6.2.0/bin/../libexec/gcc/x86_64-redhat-linux/6.2.0/liblto_plugin.so -plugin-opt=/autofs/nccs-svm1_compilers/gcc/rhel7-x86_64/6.2.0/bin/../libexec/gcc/x86_64-redhat-linux/6.2.0/lto-wrapper -plugin-opt=-fresolution=/tmp/ccpMbbf4.res -plugin-opt=-pass-through=-lgcc_s -plugin-opt=-pass-through=-lgcc -plugin-opt=-pass-through=-lc -plugin-opt=-pass-through=-lgcc_s -plugin-opt=-pass-through=-lgcc --eh-frame-hdr -m elf_x86_64 -dynamic-linker /lib64/ld-linux-x86-64.so.2 -o cmTC_c7aae /lib/../lib64/crt1.o /lib/../lib64/crti.o /autofs/nccs-svm1_compilers/gcc/rhel7-x86_64/6.2.0/bin/../lib64/gcc/x86_64-redhat-linux/6.2.0/crtbegin.o -L/autofs/nccs-svm1_compilers/gcc/rhel7-x86_64/6.2.0/bin/../lib64/gcc/x86_64-redhat-linux/6.2.0 -L/autofs/nccs-svm1_compilers/gcc/rhel7-x86_64/6.2.0/bin/../lib64/gcc -L/autofs/nccs-svm1_compilers/gcc/rhel7-x86_64/6.2.0/bin/../lib64/gcc/x86_64-redhat-linux/6.2.0/../../../../lib64 -L/lib/../lib64 -L/usr/lib/../lib64 -L/autofs/nccs-svm1_sw/rhea/.swci/0-core/opt/spack/20191017/linux-rhel7-x86_64/gcc-6.2.0/openmpi-3.1.4-6i3xptfa3r6joouympddcnja5njc3eda/lib -L/autofs/nccs-svm1_compilers/gcc/rhel7-x86_64/6.2.0/bin/../lib64/gcc/x86_64-redhat-linux/6.2.0/../../.. CMakeFiles/cmTC_c7aae.dir/CMakeCXXCompilerABI.cpp.o -lstdc++ -lm -lgcc_s -lgcc -lc -lgcc_s -lgcc /autofs/nccs-svm1_compilers/gcc/rhel7-x86_64/6.2.0/bin/../lib64/gcc/x86_64-redhat-linux/6.2.0/crtend.o /lib/../lib64/crtn.o]
    arg [/autofs/nccs-svm1_compilers/gcc/rhel7-x86_64/6.2.0/bin/../libexec/gcc/x86_64-redhat-linux/6.2.0/collect2] ==> ignore
    arg [-plugin] ==> ignore
    arg [/autofs/nccs-svm1_compilers/gcc/rhel7-x86_64/6.2.0/bin/../libexec/gcc/x86_64-redhat-linux/6.2.0/liblto_plugin.so] ==> ignore
    arg [-plugin-opt=/autofs/nccs-svm1_compilers/gcc/rhel7-x86_64/6.2.0/bin/../libexec/gcc/x86_64-redhat-linux/6.2.0/lto-wrapper] ==> ignore
    arg [-plugin-opt=-fresolution=/tmp/ccpMbbf4.res] ==> ignore
    arg [-plugin-opt=-pass-through=-lgcc_s] ==> ignore
    arg [-plugin-opt=-pass-through=-lgcc] ==> ignore
    arg [-plugin-opt=-pass-through=-lc] ==> ignore
    arg [-plugin-opt=-pass-through=-lgcc_s] ==> ignore
    arg [-plugin-opt=-pass-through=-lgcc] ==> ignore
    arg [--eh-frame-hdr] ==> ignore
    arg [-m] ==> ignore
    arg [elf_x86_64] ==> ignore
    arg [-dynamic-linker] ==> ignore
    arg [/lib64/ld-linux-x86-64.so.2] ==> ignore
    arg [-o] ==> ignore
    arg [cmTC_c7aae] ==> ignore
    arg [/lib/../lib64/crt1.o] ==> ignore
    arg [/lib/../lib64/crti.o] ==> ignore
    arg [/autofs/nccs-svm1_compilers/gcc/rhel7-x86_64/6.2.0/bin/../lib64/gcc/x86_64-redhat-linux/6.2.0/crtbegin.o] ==> ignore
    arg [-L/autofs/nccs-svm1_compilers/gcc/rhel7-x86_64/6.2.0/bin/../lib64/gcc/x86_64-redhat-linux/6.2.0] ==> dir [/autofs/nccs-svm1_compilers/gcc/rhel7-x86_64/6.2.0/bin/../lib64/gcc/x86_64-redhat-linux/6.2.0]
    arg [-L/autofs/nccs-svm1_compilers/gcc/rhel7-x86_64/6.2.0/bin/../lib64/gcc] ==> dir [/autofs/nccs-svm1_compilers/gcc/rhel7-x86_64/6.2.0/bin/../lib64/gcc]
    arg [-L/autofs/nccs-svm1_compilers/gcc/rhel7-x86_64/6.2.0/bin/../lib64/gcc/x86_64-redhat-linux/6.2.0/../../../../lib64] ==> dir [/autofs/nccs-svm1_compilers/gcc/rhel7-x86_64/6.2.0/bin/../lib64/gcc/x86_64-redhat-linux/6.2.0/../../../../lib64]
    arg [-L/lib/../lib64] ==> dir [/lib/../lib64]
    arg [-L/usr/lib/../lib64] ==> dir [/usr/lib/../lib64]
    arg [-L/autofs/nccs-svm1_sw/rhea/.swci/0-core/opt/spack/20191017/linux-rhel7-x86_64/gcc-6.2.0/openmpi-3.1.4-6i3xptfa3r6joouympddcnja5njc3eda/lib] ==> dir [/autofs/nccs-svm1_sw/rhea/.swci/0-core/opt/spack/20191017/linux-rhel7-x86_64/gcc-6.2.0/openmpi-3.1.4-6i3xptfa3r6joouympddcnja5njc3eda/lib]
    arg [-L/autofs/nccs-svm1_compilers/gcc/rhel7-x86_64/6.2.0/bin/../lib64/gcc/x86_64-redhat-linux/6.2.0/../../..] ==> dir [/autofs/nccs-svm1_compilers/gcc/rhel7-x86_64/6.2.0/bin/../lib64/gcc/x86_64-redhat-linux/6.2.0/../../..]
    arg [CMakeFiles/cmTC_c7aae.dir/CMakeCXXCompilerABI.cpp.o] ==> ignore
    arg [-lstdc++] ==> lib [stdc++]
    arg [-lm] ==> lib [m]
    arg [-lgcc_s] ==> lib [gcc_s]
    arg [-lgcc] ==> lib [gcc]
    arg [-lc] ==> lib [c]
    arg [-lgcc_s] ==> lib [gcc_s]
    arg [-lgcc] ==> lib [gcc]
    arg [/autofs/nccs-svm1_compilers/gcc/rhel7-x86_64/6.2.0/bin/../lib64/gcc/x86_64-redhat-linux/6.2.0/crtend.o] ==> ignore
    arg [/lib/../lib64/crtn.o] ==> ignore
  collapse library dir [/autofs/nccs-svm1_compilers/gcc/rhel7-x86_64/6.2.0/bin/../lib64/gcc/x86_64-redhat-linux/6.2.0] ==> [/autofs/nccs-svm1_compilers/gcc/rhel7-x86_64/6.2.0/lib64/gcc/x86_64-redhat-linux/6.2.0]
  collapse library dir [/autofs/nccs-svm1_compilers/gcc/rhel7-x86_64/6.2.0/bin/../lib64/gcc] ==> [/autofs/nccs-svm1_compilers/gcc/rhel7-x86_64/6.2.0/lib64/gcc]
  collapse library dir [/autofs/nccs-svm1_compilers/gcc/rhel7-x86_64/6.2.0/bin/../lib64/gcc/x86_64-redhat-linux/6.2.0/../../../../lib64] ==> [/autofs/nccs-svm1_compilers/gcc/rhel7-x86_64/6.2.0/lib64]
  collapse library dir [/lib/../lib64] ==> [/lib64]
  collapse library dir [/usr/lib/../lib64] ==> [/usr/lib64]
  collapse library dir [/autofs/nccs-svm1_sw/rhea/.swci/0-core/opt/spack/20191017/linux-rhel7-x86_64/gcc-6.2.0/openmpi-3.1.4-6i3xptfa3r6joouympddcnja5njc3eda/lib] ==> [/autofs/nccs-svm1_sw/rhea/.swci/0-core/opt/spack/20191017/linux-rhel7-x86_64/gcc-6.2.0/openmpi-3.1.4-6i3xptfa3r6joouympddcnja5njc3eda/lib]
  collapse library dir [/autofs/nccs-svm1_compilers/gcc/rhel7-x86_64/6.2.0/bin/../lib64/gcc/x86_64-redhat-linux/6.2.0/../../..] ==> [/autofs/nccs-svm1_compilers/gcc/rhel7-x86_64/6.2.0/lib64]
  implicit libs: [stdc++;m;gcc_s;gcc;c;gcc_s;gcc]
  implicit dirs: [/autofs/nccs-svm1_compilers/gcc/rhel7-x86_64/6.2.0/lib64/gcc/x86_64-redhat-linux/6.2.0;/autofs/nccs-svm1_compilers/gcc/rhel7-x86_64/6.2.0/lib64/gcc;/autofs/nccs-svm1_compilers/gcc/rhel7-x86_64/6.2.0/lib64;/lib64;/usr/lib64;/autofs/nccs-svm1_sw/rhea/.swci/0-core/opt/spack/20191017/linux-rhel7-x86_64/gcc-6.2.0/openmpi-3.1.4-6i3xptfa3r6joouympddcnja5njc3eda/lib]
  implicit fwks: []


Determining if the include file pthread.h exists passed with the following output:
Change Dir: /ccs/home/mannlg15/planc/build-rhea/CMakeFiles/CMakeTmp

Run Build Command(s):/usr/bin/gmake cmTC_75f1f/fast && /usr/bin/gmake -f CMakeFiles/cmTC_75f1f.dir/build.make CMakeFiles/cmTC_75f1f.dir/build
gmake[1]: Entering directory `/autofs/nccs-svm1_home1/mannlg15/planc/build-rhea/CMakeFiles/CMakeTmp'
Building CXX object CMakeFiles/cmTC_75f1f.dir/CheckIncludeFile.cxx.o
/ccs/compilers/gcc/rhel7-x86_64/6.2.0/bin/c++     -o CMakeFiles/cmTC_75f1f.dir/CheckIncludeFile.cxx.o -c /ccs/home/mannlg15/planc/build-rhea/CMakeFiles/CMakeTmp/CheckIncludeFile.cxx
Linking CXX executable cmTC_75f1f
/autofs/nccs-svm1_sw/rhea/.swci/0-core/opt/spack/20191017/linux-rhel7-x86_64/gcc-4.8.5/cmake-3.15.2-4xbxfsztfb7z2qemxy2dgrsuabbdgifu/bin/cmake -E cmake_link_script CMakeFiles/cmTC_75f1f.dir/link.txt --verbose=1
/ccs/compilers/gcc/rhel7-x86_64/6.2.0/bin/c++       CMakeFiles/cmTC_75f1f.dir/CheckIncludeFile.cxx.o  -o cmTC_75f1f 
gmake[1]: Leaving directory `/autofs/nccs-svm1_home1/mannlg15/planc/build-rhea/CMakeFiles/CMakeTmp'



Determining if the function pthread_create exists in the pthread passed with the following output:
Change Dir: /ccs/home/mannlg15/planc/build-rhea/CMakeFiles/CMakeTmp

Run Build Command(s):/usr/bin/gmake cmTC_38b2f/fast && /usr/bin/gmake -f CMakeFiles/cmTC_38b2f.dir/build.make CMakeFiles/cmTC_38b2f.dir/build
gmake[1]: Entering directory `/autofs/nccs-svm1_home1/mannlg15/planc/build-rhea/CMakeFiles/CMakeTmp'
Building CXX object CMakeFiles/cmTC_38b2f.dir/CheckFunctionExists.cxx.o
/ccs/compilers/gcc/rhel7-x86_64/6.2.0/bin/c++    -DCHECK_FUNCTION_EXISTS=pthread_create   -o CMakeFiles/cmTC_38b2f.dir/CheckFunctionExists.cxx.o -c /ccs/home/mannlg15/planc/build-rhea/CMakeFiles/CheckLibraryExists/CheckFunctionExists.cxx
Linking CXX executable cmTC_38b2f
/autofs/nccs-svm1_sw/rhea/.swci/0-core/opt/spack/20191017/linux-rhel7-x86_64/gcc-4.8.5/cmake-3.15.2-4xbxfsztfb7z2qemxy2dgrsuabbdgifu/bin/cmake -E cmake_link_script CMakeFiles/cmTC_38b2f.dir/link.txt --verbose=1
/ccs/compilers/gcc/rhel7-x86_64/6.2.0/bin/c++   -DCHECK_FUNCTION_EXISTS=pthread_create    CMakeFiles/cmTC_38b2f.dir/CheckFunctionExists.cxx.o  -o cmTC_38b2f -lpthread 
gmake[1]: Leaving directory `/autofs/nccs-svm1_home1/mannlg15/planc/build-rhea/CMakeFiles/CMakeTmp'



Determining if the function sgemm_ exists passed with the following output:
Change Dir: /ccs/home/mannlg15/planc/build-rhea/CMakeFiles/CMakeTmp

Run Build Command(s):/usr/bin/gmake cmTC_a1afc/fast && /usr/bin/gmake -f CMakeFiles/cmTC_a1afc.dir/build.make CMakeFiles/cmTC_a1afc.dir/build
gmake[1]: Entering directory `/autofs/nccs-svm1_home1/mannlg15/planc/build-rhea/CMakeFiles/CMakeTmp'
Building CXX object CMakeFiles/cmTC_a1afc.dir/CheckFunctionExists.cxx.o
/ccs/compilers/gcc/rhel7-x86_64/6.2.0/bin/c++    -DCHECK_FUNCTION_EXISTS=sgemm_   -o CMakeFiles/cmTC_a1afc.dir/CheckFunctionExists.cxx.o -c /ccs/home/mannlg15/planc/build-rhea/CMakeFiles/CheckFunctionExists/CheckFunctionExists.cxx
Linking CXX executable cmTC_a1afc
/autofs/nccs-svm1_sw/rhea/.swci/0-core/opt/spack/20191017/linux-rhel7-x86_64/gcc-4.8.5/cmake-3.15.2-4xbxfsztfb7z2qemxy2dgrsuabbdgifu/bin/cmake -E cmake_link_script CMakeFiles/cmTC_a1afc.dir/link.txt --verbose=1
/ccs/compilers/gcc/rhel7-x86_64/6.2.0/bin/c++   -DCHECK_FUNCTION_EXISTS=sgemm_    CMakeFiles/cmTC_a1afc.dir/CheckFunctionExists.cxx.o  -o cmTC_a1afc -Wl,-rpath,/autofs/nccs-svm1_sw/rhea/.swci/0-core/opt/spack/20191017/linux-rhel7-x86_64/gcc-6.2.0/openblas-0.3.5-pqhmw4pblzsh76ejrzz5hz2o37kl3esm/lib /autofs/nccs-svm1_sw/rhea/.swci/0-core/opt/spack/20191017/linux-rhel7-x86_64/gcc-6.2.0/openblas-0.3.5-pqhmw4pblzsh76ejrzz5hz2o37kl3esm/lib/libopenblas.so 
gmake[1]: Leaving directory `/autofs/nccs-svm1_home1/mannlg15/planc/build-rhea/CMakeFiles/CMakeTmp'



Determining if the function cheev_ exists passed with the following output:
Change Dir: /ccs/home/mannlg15/planc/build-rhea/CMakeFiles/CMakeTmp

Run Build Command(s):/usr/bin/gmake cmTC_9f718/fast && /usr/bin/gmake -f CMakeFiles/cmTC_9f718.dir/build.make CMakeFiles/cmTC_9f718.dir/build
gmake[1]: Entering directory `/autofs/nccs-svm1_home1/mannlg15/planc/build-rhea/CMakeFiles/CMakeTmp'
Building CXX object CMakeFiles/cmTC_9f718.dir/CheckFunctionExists.cxx.o
/ccs/compilers/gcc/rhel7-x86_64/6.2.0/bin/c++    -DCHECK_FUNCTION_EXISTS=cheev_   -o CMakeFiles/cmTC_9f718.dir/CheckFunctionExists.cxx.o -c /ccs/home/mannlg15/planc/build-rhea/CMakeFiles/CheckFunctionExists/CheckFunctionExists.cxx
Linking CXX executable cmTC_9f718
/autofs/nccs-svm1_sw/rhea/.swci/0-core/opt/spack/20191017/linux-rhel7-x86_64/gcc-4.8.5/cmake-3.15.2-4xbxfsztfb7z2qemxy2dgrsuabbdgifu/bin/cmake -E cmake_link_script CMakeFiles/cmTC_9f718.dir/link.txt --verbose=1
/ccs/compilers/gcc/rhel7-x86_64/6.2.0/bin/c++   -DCHECK_FUNCTION_EXISTS=cheev_    CMakeFiles/cmTC_9f718.dir/CheckFunctionExists.cxx.o  -o cmTC_9f718 -Wl,-rpath,/autofs/nccs-svm1_sw/rhea/.swci/0-core/opt/spack/20191017/linux-rhel7-x86_64/gcc-6.2.0/openblas-0.3.5-pqhmw4pblzsh76ejrzz5hz2o37kl3esm/lib /autofs/nccs-svm1_sw/rhea/.swci/0-core/opt/spack/20191017/linux-rhel7-x86_64/gcc-6.2.0/openblas-0.3.5-pqhmw4pblzsh76ejrzz5hz2o37kl3esm/lib/libopenblas.so 
gmake[1]: Leaving directory `/autofs/nccs-svm1_home1/mannlg15/planc/build-rhea/CMakeFiles/CMakeTmp'



The system is: Linux - 3.10.0-1062.9.1.el7.x86_64 - x86_64
